<?xml version="1.0" encoding="UTF-8"?>
<!-- Generated by org.testng.reporters.JUnitReportReporter -->
<testsuite hostname="LAPTOP-RR62I49S" failures="0" tests="1" name="runner.CucumberRunner" time="4.440" errors="0" timestamp="2024-06-03T10:47:59 IST" skipped="0">
  <testcase classname="runner.CucumberRunner" name="runScenario" time="4.440"/>
</testsuite> <!-- runner.CucumberRunner -->
